build/app/intermediates/manifest_merge_blame_file/release/processReleaseMainManifest/manifest-merger-blame-release-report.txt
1<?xml version="1.0" encoding="utf-8"?>
2<manifest xmlns:android="http://schemas.android.com/apk/res/android"
3    package="com.froyo.ridekaro.ride_karo"
4    android:versionCode="1"
5    android:versionName="1.0.0" >
6
7    <uses-sdk
8        android:minSdkVersion="21"
9        android:targetSdkVersion="35" />
10    <!-- Location permissions required by geolocator for ride location features -->
11    <uses-permission android:name="android.permission.ACCESS_FINE_LOCATION" />
11-->src/main/AndroidManifest.xml:4:5-79
11-->src/main/AndroidManifest.xml:4:22-76
12    <uses-permission android:name="android.permission.ACCESS_COARSE_LOCATION" />
12-->src/main/AndroidManifest.xml:5:5-81
12-->src/main/AndroidManifest.xml:5:22-78
13
14    <!--
15         Required to query activities that can process text, see:
16         https://developer.android.com/training/package-visibility and
17         https://developer.android.com/reference/android/content/Intent#ACTION_PROCESS_TEXT.
18         In particular, this is used by the Flutter engine in io.flutter.plugin.text.ProcessTextPlugin.
19    -->
20    <queries>
20-->src/main/AndroidManifest.xml:53:5-58:15
21        <intent>
21-->src/main/AndroidManifest.xml:54:9-57:18
22            <action android:name="android.intent.action.PROCESS_TEXT" />
22-->src/main/AndroidManifest.xml:55:13-73
22-->src/main/AndroidManifest.xml:55:21-70
23
24            <data android:mimeType="text/plain" />
24-->src/main/AndroidManifest.xml:56:13-51
24-->src/main/AndroidManifest.xml:56:19-48
25        </intent>
26    </queries>
27
28    <uses-permission android:name="android.permission.ACCESS_NETWORK_STATE" />
28-->[:connectivity_plus] AndroidManifest.xml:7:5-79
28-->[:connectivity_plus] AndroidManifest.xml:7:22-76
29
30    <permission
30-->[androidx.core:core:1.13.1] AndroidManifest.xml:22:5-24:47
31        android:name="com.froyo.ridekaro.ride_karo.DYNAMIC_RECEIVER_NOT_EXPORTED_PERMISSION"
31-->[androidx.core:core:1.13.1] AndroidManifest.xml:23:9-81
32        android:protectionLevel="signature" />
32-->[androidx.core:core:1.13.1] AndroidManifest.xml:24:9-44
33
34    <uses-permission android:name="com.froyo.ridekaro.ride_karo.DYNAMIC_RECEIVER_NOT_EXPORTED_PERMISSION" />
34-->[androidx.core:core:1.13.1] AndroidManifest.xml:26:5-97
34-->[androidx.core:core:1.13.1] AndroidManifest.xml:26:22-94
35
36    <application
37        android:name="android.app.Application"
37-->src/main/AndroidManifest.xml:9:9-42
38        android:appComponentFactory="androidx.core.app.CoreComponentFactory"
38-->[androidx.core:core:1.13.1] AndroidManifest.xml:28:18-86
39        android:extractNativeLibs="true"
40        android:icon="@mipmap/ic_launcher"
40-->src/main/AndroidManifest.xml:10:9-43
41        android:label="ride_karo" >
41-->src/main/AndroidManifest.xml:8:9-34
42        <activity
42-->src/main/AndroidManifest.xml:11:9-32:20
43            android:name="com.froyo.ridekaro.ride_karo.MainActivity"
43-->src/main/AndroidManifest.xml:12:13-69
44            android:configChanges="orientation|keyboardHidden|keyboard|screenSize|smallestScreenSize|locale|layoutDirection|fontScale|screenLayout|density|uiMode"
44-->src/main/AndroidManifest.xml:17:13-163
45            android:exported="true"
45-->src/main/AndroidManifest.xml:13:13-36
46            android:hardwareAccelerated="true"
46-->src/main/AndroidManifest.xml:18:13-47
47            android:launchMode="singleTop"
47-->src/main/AndroidManifest.xml:14:13-43
48            android:taskAffinity=""
48-->src/main/AndroidManifest.xml:15:13-36
49            android:theme="@style/LaunchTheme"
49-->src/main/AndroidManifest.xml:16:13-47
50            android:windowSoftInputMode="adjustResize" >
50-->src/main/AndroidManifest.xml:19:13-55
51
52            <!--
53                 Specifies an Android theme to apply to this Activity as soon as
54                 the Android process has started. This theme is visible to the user
55                 while the Flutter UI initializes. After that, this theme continues
56                 to determine the Window background behind the Flutter UI.
57            -->
58            <meta-data
58-->src/main/AndroidManifest.xml:24:13-26:57
59                android:name="io.flutter.embedding.android.NormalTheme"
59-->src/main/AndroidManifest.xml:25:17-72
60                android:resource="@style/NormalTheme" />
60-->src/main/AndroidManifest.xml:26:17-54
61
62            <intent-filter>
62-->src/main/AndroidManifest.xml:28:13-31:29
63                <action android:name="android.intent.action.MAIN" />
63-->src/main/AndroidManifest.xml:29:17-69
63-->src/main/AndroidManifest.xml:29:25-66
64
65                <category android:name="android.intent.category.LAUNCHER" />
65-->src/main/AndroidManifest.xml:30:17-77
65-->src/main/AndroidManifest.xml:30:27-74
66            </intent-filter>
67        </activity>
68
69        <!--
70             Don't delete the meta-data below.
71             This is used by the Flutter tool to generate GeneratedPluginRegistrant.java
72        -->
73
74
75        <!--
76             Google Maps API key for google_maps_flutter plugin.
77             NOTE: Provide this at build time in android/app/src/main/res/values/google_maps_api.xml
78             (e.g. <string name="google_maps_key">YOUR_KEY</string>) to avoid hardcoding secrets.
79        -->
80        <meta-data
80-->src/main/AndroidManifest.xml:40:9-42:55
81            android:name="com.google.android.geo.API_KEY"
81-->src/main/AndroidManifest.xml:41:13-58
82            android:value="@string/google_maps_key" />
82-->src/main/AndroidManifest.xml:42:13-52
83        <meta-data
83-->src/main/AndroidManifest.xml:44:9-46:33
84            android:name="flutterEmbedding"
84-->src/main/AndroidManifest.xml:45:13-44
85            android:value="2" />
85-->src/main/AndroidManifest.xml:46:13-30
86
87        <uses-library
87-->[androidx.window:window:1.2.0] AndroidManifest.xml:23:9-25:40
88            android:name="androidx.window.extensions"
88-->[androidx.window:window:1.2.0] AndroidManifest.xml:24:13-54
89            android:required="false" />
89-->[androidx.window:window:1.2.0] AndroidManifest.xml:25:13-37
90        <uses-library
90-->[androidx.window:window:1.2.0] AndroidManifest.xml:26:9-28:40
91            android:name="androidx.window.sidecar"
91-->[androidx.window:window:1.2.0] AndroidManifest.xml:27:13-51
92            android:required="false" />
92-->[androidx.window:window:1.2.0] AndroidManifest.xml:28:13-37
93
94        <provider
94-->[androidx.lifecycle:lifecycle-process:2.7.0] AndroidManifest.xml:24:9-32:20
95            android:name="androidx.startup.InitializationProvider"
95-->[androidx.lifecycle:lifecycle-process:2.7.0] AndroidManifest.xml:25:13-67
96            android:authorities="com.froyo.ridekaro.ride_karo.androidx-startup"
96-->[androidx.lifecycle:lifecycle-process:2.7.0] AndroidManifest.xml:26:13-68
97            android:exported="false" >
97-->[androidx.lifecycle:lifecycle-process:2.7.0] AndroidManifest.xml:27:13-37
98            <meta-data
98-->[androidx.lifecycle:lifecycle-process:2.7.0] AndroidManifest.xml:29:13-31:52
99                android:name="androidx.lifecycle.ProcessLifecycleInitializer"
99-->[androidx.lifecycle:lifecycle-process:2.7.0] AndroidManifest.xml:30:17-78
100                android:value="androidx.startup" />
100-->[androidx.lifecycle:lifecycle-process:2.7.0] AndroidManifest.xml:31:17-49
101            <meta-data
101-->[androidx.profileinstaller:profileinstaller:1.3.1] AndroidManifest.xml:29:13-31:52
102                android:name="androidx.profileinstaller.ProfileInstallerInitializer"
102-->[androidx.profileinstaller:profileinstaller:1.3.1] AndroidManifest.xml:30:17-85
103                android:value="androidx.startup" />
103-->[androidx.profileinstaller:profileinstaller:1.3.1] AndroidManifest.xml:31:17-49
104        </provider>
105
106        <receiver
106-->[androidx.profileinstaller:profileinstaller:1.3.1] AndroidManifest.xml:34:9-52:20
107            android:name="androidx.profileinstaller.ProfileInstallReceiver"
107-->[androidx.profileinstaller:profileinstaller:1.3.1] AndroidManifest.xml:35:13-76
108            android:directBootAware="false"
108-->[androidx.profileinstaller:profileinstaller:1.3.1] AndroidManifest.xml:36:13-44
109            android:enabled="true"
109-->[androidx.profileinstaller:profileinstaller:1.3.1] AndroidManifest.xml:37:13-35
110            android:exported="true"
110-->[androidx.profileinstaller:profileinstaller:1.3.1] AndroidManifest.xml:38:13-36
111            android:permission="android.permission.DUMP" >
111-->[androidx.profileinstaller:profileinstaller:1.3.1] AndroidManifest.xml:39:13-57
112            <intent-filter>
112-->[androidx.profileinstaller:profileinstaller:1.3.1] AndroidManifest.xml:40:13-42:29
113                <action android:name="androidx.profileinstaller.action.INSTALL_PROFILE" />
113-->[androidx.profileinstaller:profileinstaller:1.3.1] AndroidManifest.xml:41:17-91
113-->[androidx.profileinstaller:profileinstaller:1.3.1] AndroidManifest.xml:41:25-88
114            </intent-filter>
115            <intent-filter>
115-->[androidx.profileinstaller:profileinstaller:1.3.1] AndroidManifest.xml:43:13-45:29
116                <action android:name="androidx.profileinstaller.action.SKIP_FILE" />
116-->[androidx.profileinstaller:profileinstaller:1.3.1] AndroidManifest.xml:44:17-85
116-->[androidx.profileinstaller:profileinstaller:1.3.1] AndroidManifest.xml:44:25-82
117            </intent-filter>
118            <intent-filter>
118-->[androidx.profileinstaller:profileinstaller:1.3.1] AndroidManifest.xml:46:13-48:29
119                <action android:name="androidx.profileinstaller.action.SAVE_PROFILE" />
119-->[androidx.profileinstaller:profileinstaller:1.3.1] AndroidManifest.xml:47:17-88
119-->[androidx.profileinstaller:profileinstaller:1.3.1] AndroidManifest.xml:47:25-85
120            </intent-filter>
121            <intent-filter>
121-->[androidx.profileinstaller:profileinstaller:1.3.1] AndroidManifest.xml:49:13-51:29
122                <action android:name="androidx.profileinstaller.action.BENCHMARK_OPERATION" />
122-->[androidx.profileinstaller:profileinstaller:1.3.1] AndroidManifest.xml:50:17-95
122-->[androidx.profileinstaller:profileinstaller:1.3.1] AndroidManifest.xml:50:25-92
123            </intent-filter>
124        </receiver>
125    </application>
126
127</manifest>